<?xml version="1.0" encoding="UTF-8"?>
<coverage generated="1550127272179" clover="3.2.0">
  <project timestamp="1550127272179" name="All files">
    <metrics statements="1" coveredstatements="0" conditionals="0" coveredconditionals="0" methods="0" coveredmethods="0" elements="1" coveredelements="0" complexity="0" loc="1" ncloc="1" packages="2" files="2" classes="2"/>
    <package name="request">
      <metrics statements="0" coveredstatements="0" conditionals="0" coveredconditionals="0" methods="0" coveredmethods="0"/>
      <file name="get.js" path="/Users/fannyDu/fanny/react-context/app/request/get.js">
        <metrics statements="0" coveredstatements="0" conditionals="0" coveredconditionals="0" methods="0" coveredmethods="0"/>
      </file>
    </package>
    <package name="static.util">
      <metrics statements="1" coveredstatements="0" conditionals="0" coveredconditionals="0" methods="0" coveredmethods="0"/>
      <file name="AppContext.js" path="/Users/fannyDu/fanny/react-context/app/static/util/AppContext.js">
        <metrics statements="1" coveredstatements="0" conditionals="0" coveredconditionals="0" methods="0" coveredmethods="0"/>
        <line num="1" count="0" type="stmt"/>
      </file>
    </package>
  </project>
</coverage>
